Mon Aug 06 15:23:13 NZST 2018:INFO:C:\SOAPUI\Example
Mon Aug 06 15:23:13 NZST 2018:INFO:data.xls
Mon Aug 06 15:23:13 NZST 2018:INFO:start of filterdatadriver
Mon Aug 06 15:23:13 NZST 2018:INFO:0---- testindex ----
Mon Aug 06 15:23:13 NZST 2018:INFO:0 RUN before INCREASE
Mon Aug 06 15:23:13 NZST 2018:INFO:1 RUN AFTER INCREASE
Mon Aug 06 15:23:14 NZST 2018:INFO:4???????????????????????????????????
Mon Aug 06 15:23:14 NZST 2018:INFO:0 RUN during loop else if
Mon Aug 06 15:23:15 NZST 2018:INFO:uid_id
Mon Aug 06 15:23:15 NZST 2018:INFO:[1,  2,  8,  &&&---&&&----&&&----&&&----&&&]
Mon Aug 06 15:23:15 NZST 2018:INFO:new value1
Mon Aug 06 15:23:15 NZST 2018:INFO:username updatedProp
Mon Aug 06 15:23:15 NZST 2018:INFO: LOGGING LC ARRAY [[id, username, firstname, lastname, password, phone]]
Mon Aug 06 15:23:15 NZST 2018:INFO:0 tIndex
Mon Aug 06 15:23:15 NZST 2018:INFO:1 COMMON ROW
Mon Aug 06 15:23:15 NZST 2018:INFO:new value1
Mon Aug 06 15:23:15 NZST 2018:INFO:username updatedProp
Mon Aug 06 15:23:15 NZST 2018:INFO: UPDATED_DATA DOESNT EXIST
Mon Aug 06 15:23:16 NZST 2018:INFO:common:1#1="$274"
Mon Aug 06 15:23:16 NZST 2018:INFO:updateuser ##### tdsheet ##### 
Mon Aug 06 15:23:16 NZST 2018:INFO:2 ##### tdrow ##### 
Mon Aug 06 15:23:16 NZST 2018:INFO:1 ##### tdProp ##### 
Mon Aug 06 15:23:16 NZST 2018:INFO:$274 ##### tdvalue ##### 
Mon Aug 06 15:23:16 NZST 2018:INFO:STOP LOOP = F
Mon Aug 06 15:24:22 NZST 2018:INFO:C:\SOAPUI\Example
Mon Aug 06 15:24:22 NZST 2018:INFO:data.xls
Mon Aug 06 15:24:22 NZST 2018:INFO:start of filterdatadriver
Mon Aug 06 15:24:23 NZST 2018:INFO:0---- testindex ----
Mon Aug 06 15:24:23 NZST 2018:INFO:0 RUN before INCREASE
Mon Aug 06 15:24:23 NZST 2018:INFO:1 RUN AFTER INCREASE
Mon Aug 06 15:24:23 NZST 2018:INFO:4???????????????????????????????????
Mon Aug 06 15:24:23 NZST 2018:INFO:0 RUN during loop else if
Mon Aug 06 15:24:23 NZST 2018:INFO:uid_id
Mon Aug 06 15:24:23 NZST 2018:INFO:[1,  2,  3,  &&&---&&&----&&&----&&&----&&&]
Mon Aug 06 15:24:23 NZST 2018:INFO:new value1
Mon Aug 06 15:24:23 NZST 2018:INFO:username updatedProp
Mon Aug 06 15:24:23 NZST 2018:INFO: LOGGING LC ARRAY [[id, username, firstname, lastname, password, phone]]
Mon Aug 06 15:24:23 NZST 2018:INFO:0 tIndex
Mon Aug 06 15:24:23 NZST 2018:INFO:1 COMMON ROW
Mon Aug 06 15:24:23 NZST 2018:INFO:new value1
Mon Aug 06 15:24:23 NZST 2018:INFO:username updatedProp
Mon Aug 06 15:24:23 NZST 2018:INFO: UPDATED_DATA DOESNT EXIST
Mon Aug 06 15:24:24 NZST 2018:INFO:common:1#1="12user"
Mon Aug 06 15:24:24 NZST 2018:INFO:updateuser ##### tdsheet ##### 
Mon Aug 06 15:24:24 NZST 2018:INFO:2 ##### tdrow ##### 
Mon Aug 06 15:24:24 NZST 2018:INFO:1 ##### tdProp ##### 
Mon Aug 06 15:24:24 NZST 2018:INFO:user12 ##### tdvalue ##### 
Mon Aug 06 15:24:24 NZST 2018:INFO:STOP LOOP = F
Mon Aug 06 15:24:42 NZST 2018:INFO:C:\SOAPUI\Example
Mon Aug 06 15:24:42 NZST 2018:INFO:data.xls
Mon Aug 06 15:24:42 NZST 2018:INFO:start of filterdatadriver
Mon Aug 06 15:24:42 NZST 2018:INFO:1---- testindex ----
Mon Aug 06 15:24:42 NZST 2018:INFO:1 RUN before INCREASE
Mon Aug 06 15:24:42 NZST 2018:INFO:2 RUN AFTER INCREASE
Mon Aug 06 15:24:42 NZST 2018:INFO:4???????????????????????????????????
Mon Aug 06 15:24:42 NZST 2018:INFO:2 RUN during loop else
Mon Aug 06 15:24:43 NZST 2018:INFO:uid_id
Mon Aug 06 15:24:43 NZST 2018:INFO:[1,  2,  3,  &&&---&&&----&&&----&&&----&&&]
Mon Aug 06 15:24:43 NZST 2018:INFO:new value1
Mon Aug 06 15:24:43 NZST 2018:INFO:username updatedProp
Mon Aug 06 15:24:43 NZST 2018:INFO: LOGGING LC ARRAY [[id, username, firstname, lastname, password, phone]]
Mon Aug 06 15:24:43 NZST 2018:INFO:1 tIndex
Mon Aug 06 15:24:43 NZST 2018:INFO: 2 COMMON ROW
Mon Aug 06 15:24:43 NZST 2018:INFO:new value1
Mon Aug 06 15:24:43 NZST 2018:INFO:username updatedProp
Mon Aug 06 15:24:43 NZST 2018:INFO:Copying updated_data
Mon Aug 06 15:24:43 NZST 2018:INFO:common: 2#1="13user"
Mon Aug 06 15:24:43 NZST 2018:INFO:updateuser ##### tdsheet ##### 
Mon Aug 06 15:24:43 NZST 2018:INFO:3 ##### tdrow ##### 
Mon Aug 06 15:24:43 NZST 2018:INFO:1 ##### tdProp ##### 
Mon Aug 06 15:24:43 NZST 2018:INFO:user13 ##### tdvalue ##### 
Mon Aug 06 15:24:43 NZST 2018:INFO:STOP LOOP = F
Mon Aug 06 15:24:44 NZST 2018:INFO:end loop value after get property  F
Mon Aug 06 15:24:44 NZST 2018:INFO:com.eviware.soapui.impl.wsdl.testcase.WsdlTestCaseRunner@20e23b
Mon Aug 06 15:24:44 NZST 2018:INFO:Running testcase again
Mon Aug 06 15:24:44 NZST 2018:INFO:createuser
Mon Aug 06 15:24:44 NZST 2018:INFO:com.eviware.soapui.impl.wsdl.testcase.WsdlTestCaseRunner@20e23b
Mon Aug 06 15:24:44 NZST 2018:INFO:C:\SOAPUI\Example
Mon Aug 06 15:24:44 NZST 2018:INFO:data.xls
Mon Aug 06 15:24:44 NZST 2018:INFO:start of filterdatadriver
Mon Aug 06 15:24:44 NZST 2018:INFO:2---- testindex ----
Mon Aug 06 15:24:44 NZST 2018:INFO:2 RUN before INCREASE
Mon Aug 06 15:24:44 NZST 2018:INFO:3 RUN AFTER INCREASE
Mon Aug 06 15:24:44 NZST 2018:INFO:4???????????????????????????????????
Mon Aug 06 15:24:44 NZST 2018:INFO:and testindex== 2 Setting the stoploop property now...
Mon Aug 06 15:24:44 NZST 2018:INFO:3RUN AFTER LOOP IS OVER
Mon Aug 06 15:24:45 NZST 2018:INFO:uid_id
Mon Aug 06 15:24:45 NZST 2018:INFO:[1,  2,  3,  &&&---&&&----&&&----&&&----&&&]
Mon Aug 06 15:24:45 NZST 2018:INFO:new value1
Mon Aug 06 15:24:45 NZST 2018:INFO:username updatedProp
Mon Aug 06 15:24:45 NZST 2018:INFO: LOGGING LC ARRAY [[id, username, firstname, lastname, password, phone]]
Mon Aug 06 15:24:45 NZST 2018:INFO:2 tIndex
Mon Aug 06 15:24:45 NZST 2018:INFO: 3 COMMON ROW
Mon Aug 06 15:24:45 NZST 2018:INFO:new value1
Mon Aug 06 15:24:45 NZST 2018:INFO:username updatedProp
Mon Aug 06 15:24:45 NZST 2018:INFO:Copying updated_data
Mon Aug 06 15:24:45 NZST 2018:INFO:common: 3#1="16user"
Mon Aug 06 15:24:45 NZST 2018:INFO:updateuser ##### tdsheet ##### 
Mon Aug 06 15:24:45 NZST 2018:INFO:1 ##### tdrow ##### 
Mon Aug 06 15:24:45 NZST 2018:INFO:1 ##### tdProp ##### 
Mon Aug 06 15:24:45 NZST 2018:INFO:user14 ##### tdvalue ##### 
Mon Aug 06 15:24:45 NZST 2018:INFO:STOP LOOP = T
Mon Aug 06 15:24:45 NZST 2018:INFO:Loop over
Mon Aug 06 15:24:45 NZST 2018:INFO:t updateFile At end of loop
Mon Aug 06 15:24:46 NZST 2018:INFO:end loop value after get property  T
Mon Aug 06 15:24:46 NZST 2018:INFO:com.eviware.soapui.impl.wsdl.testcase.WsdlTestCaseRunner@20e23b
Mon Aug 06 15:24:46 NZST 2018:INFO:Exit Groovy Data Source Looper
Mon Aug 06 15:29:08 NZST 2018:INFO:C:\SOAPUI\Example
Mon Aug 06 15:29:08 NZST 2018:INFO:data.xls
Mon Aug 06 15:29:08 NZST 2018:INFO:start of filterdatadriver
Mon Aug 06 15:29:09 NZST 2018:INFO:0---- testindex ----
Mon Aug 06 15:29:09 NZST 2018:INFO:0 RUN before INCREASE
Mon Aug 06 15:29:09 NZST 2018:INFO:1 RUN AFTER INCREASE
Mon Aug 06 15:29:09 NZST 2018:INFO:4???????????????????????????????????
Mon Aug 06 15:29:09 NZST 2018:INFO:0 RUN during loop else if
Mon Aug 06 15:29:10 NZST 2018:INFO:uid_id
Mon Aug 06 15:29:10 NZST 2018:INFO:[1,  2,  3,  &&&---&&&----&&&----&&&----&&&]
Mon Aug 06 15:29:10 NZST 2018:INFO:new value1
Mon Aug 06 15:29:10 NZST 2018:INFO:username updatedProp
Mon Aug 06 15:29:10 NZST 2018:INFO: LOGGING LC ARRAY [[id, username, firstname, lastname, password, phone]]
Mon Aug 06 15:29:10 NZST 2018:INFO:0 tIndex
Mon Aug 06 15:29:10 NZST 2018:INFO:1 COMMON ROW
Mon Aug 06 15:29:10 NZST 2018:INFO:new value1
Mon Aug 06 15:29:10 NZST 2018:INFO:username updatedProp
Mon Aug 06 15:29:10 NZST 2018:INFO: UPDATED_DATA DOESNT EXIST
Mon Aug 06 15:29:11 NZST 2018:INFO:common:1#1="12user"
Mon Aug 06 15:29:11 NZST 2018:INFO:updateuser ##### tdsheet ##### 
Mon Aug 06 15:29:11 NZST 2018:INFO:2 ##### tdrow ##### 
Mon Aug 06 15:29:11 NZST 2018:INFO:1 ##### tdProp ##### 
Mon Aug 06 15:29:11 NZST 2018:INFO:user12 ##### tdvalue ##### 
Mon Aug 06 15:29:12 NZST 2018:INFO:STOP LOOP = F
Mon Aug 06 15:29:13 NZST 2018:INFO:end loop value after get property  F
Mon Aug 06 15:29:13 NZST 2018:INFO:com.eviware.soapui.impl.wsdl.testcase.WsdlTestCaseRunner@16746ba
Mon Aug 06 15:29:13 NZST 2018:INFO:Running testcase again
Mon Aug 06 15:29:13 NZST 2018:INFO:createuser
Mon Aug 06 15:29:13 NZST 2018:INFO:com.eviware.soapui.impl.wsdl.testcase.WsdlTestCaseRunner@16746ba
Mon Aug 06 15:29:13 NZST 2018:INFO:C:\SOAPUI\Example
Mon Aug 06 15:29:13 NZST 2018:INFO:data.xls
Mon Aug 06 15:29:13 NZST 2018:INFO:start of filterdatadriver
Mon Aug 06 15:29:14 NZST 2018:INFO:1---- testindex ----
Mon Aug 06 15:29:14 NZST 2018:INFO:1 RUN before INCREASE
Mon Aug 06 15:29:14 NZST 2018:INFO:2 RUN AFTER INCREASE
Mon Aug 06 15:29:14 NZST 2018:INFO:4???????????????????????????????????
Mon Aug 06 15:29:14 NZST 2018:INFO:2 RUN during loop else
Mon Aug 06 15:29:15 NZST 2018:INFO:uid_id
Mon Aug 06 15:29:15 NZST 2018:INFO:[1,  2,  3,  &&&---&&&----&&&----&&&----&&&]
Mon Aug 06 15:29:15 NZST 2018:INFO:new value1
Mon Aug 06 15:29:15 NZST 2018:INFO:username updatedProp
Mon Aug 06 15:29:15 NZST 2018:INFO: LOGGING LC ARRAY [[id, username, firstname, lastname, password, phone]]
Mon Aug 06 15:29:15 NZST 2018:INFO:1 tIndex
Mon Aug 06 15:29:15 NZST 2018:INFO: 2 COMMON ROW
Mon Aug 06 15:29:15 NZST 2018:INFO:new value1
Mon Aug 06 15:29:15 NZST 2018:INFO:username updatedProp
Mon Aug 06 15:29:15 NZST 2018:INFO:Copying updated_data
Mon Aug 06 15:29:16 NZST 2018:INFO:common: 2#1="13user"
Mon Aug 06 15:29:16 NZST 2018:INFO:updateuser ##### tdsheet ##### 
Mon Aug 06 15:29:16 NZST 2018:INFO:3 ##### tdrow ##### 
Mon Aug 06 15:29:16 NZST 2018:INFO:1 ##### tdProp ##### 
Mon Aug 06 15:29:16 NZST 2018:INFO:13user ##### tdvalue ##### 
Mon Aug 06 15:29:17 NZST 2018:INFO:STOP LOOP = F
Mon Aug 06 15:29:18 NZST 2018:INFO:end loop value after get property  F
Mon Aug 06 15:29:18 NZST 2018:INFO:com.eviware.soapui.impl.wsdl.testcase.WsdlTestCaseRunner@16746ba
Mon Aug 06 15:29:18 NZST 2018:INFO:Running testcase again
Mon Aug 06 15:29:18 NZST 2018:INFO:createuser
Mon Aug 06 15:29:18 NZST 2018:INFO:com.eviware.soapui.impl.wsdl.testcase.WsdlTestCaseRunner@16746ba
Mon Aug 06 15:29:18 NZST 2018:INFO:C:\SOAPUI\Example
Mon Aug 06 15:29:18 NZST 2018:INFO:data.xls
Mon Aug 06 15:29:18 NZST 2018:INFO:start of filterdatadriver
Mon Aug 06 15:29:19 NZST 2018:INFO:2---- testindex ----
Mon Aug 06 15:29:19 NZST 2018:INFO:2 RUN before INCREASE
Mon Aug 06 15:29:19 NZST 2018:INFO:3 RUN AFTER INCREASE
Mon Aug 06 15:29:19 NZST 2018:INFO:4???????????????????????????????????
Mon Aug 06 15:29:19 NZST 2018:INFO:and testindex== 2 Setting the stoploop property now...
Mon Aug 06 15:29:19 NZST 2018:INFO:3RUN AFTER LOOP IS OVER
Mon Aug 06 15:29:20 NZST 2018:INFO:uid_id
Mon Aug 06 15:29:20 NZST 2018:INFO:[1,  2,  3,  &&&---&&&----&&&----&&&----&&&]
Mon Aug 06 15:29:20 NZST 2018:INFO:new value1
Mon Aug 06 15:29:20 NZST 2018:INFO:username updatedProp
Mon Aug 06 15:29:20 NZST 2018:INFO: LOGGING LC ARRAY [[id, username, firstname, lastname, password, phone]]
Mon Aug 06 15:29:20 NZST 2018:INFO:2 tIndex
Mon Aug 06 15:29:20 NZST 2018:INFO: 3 COMMON ROW
Mon Aug 06 15:29:20 NZST 2018:INFO:new value1
Mon Aug 06 15:29:20 NZST 2018:INFO:username updatedProp
Mon Aug 06 15:29:20 NZST 2018:INFO:Copying updated_data
Mon Aug 06 15:29:21 NZST 2018:INFO:common: 3#1="16user"
Mon Aug 06 15:29:21 NZST 2018:INFO:updateuser ##### tdsheet ##### 
Mon Aug 06 15:29:21 NZST 2018:INFO:1 ##### tdrow ##### 
Mon Aug 06 15:29:21 NZST 2018:INFO:1 ##### tdProp ##### 
Mon Aug 06 15:29:21 NZST 2018:INFO:16user ##### tdvalue ##### 
Mon Aug 06 15:29:21 NZST 2018:INFO:STOP LOOP = T
Mon Aug 06 15:29:21 NZST 2018:INFO:Loop over
Mon Aug 06 15:29:21 NZST 2018:INFO:t updateFile At end of loop
Mon Aug 06 15:29:22 NZST 2018:INFO:end loop value after get property  T
Mon Aug 06 15:29:22 NZST 2018:INFO:com.eviware.soapui.impl.wsdl.testcase.WsdlTestCaseRunner@16746ba
Mon Aug 06 15:29:22 NZST 2018:INFO:Exit Groovy Data Source Looper
Mon Aug 06 15:29:43 NZST 2018:INFO:C:\SOAPUI\Example
Mon Aug 06 15:29:43 NZST 2018:INFO:data.xls
Mon Aug 06 15:29:43 NZST 2018:INFO:start of filterdatadriver
Mon Aug 06 15:29:43 NZST 2018:INFO:0---- testindex ----
Mon Aug 06 15:29:43 NZST 2018:INFO:0 RUN before INCREASE
Mon Aug 06 15:29:43 NZST 2018:INFO:1 RUN AFTER INCREASE
Mon Aug 06 15:29:43 NZST 2018:INFO:4???????????????????????????????????
Mon Aug 06 15:29:43 NZST 2018:INFO:0 RUN during loop else if
Mon Aug 06 15:29:44 NZST 2018:INFO:uid_id
Mon Aug 06 15:29:44 NZST 2018:INFO:[1,  2,  3,  &&&---&&&----&&&----&&&----&&&]
Mon Aug 06 15:29:44 NZST 2018:INFO:new value1
Mon Aug 06 15:29:44 NZST 2018:INFO:username updatedProp
Mon Aug 06 15:29:44 NZST 2018:INFO: LOGGING LC ARRAY [[id, username, firstname, lastname, password, phone]]
Mon Aug 06 15:29:44 NZST 2018:INFO:0 tIndex
Mon Aug 06 15:29:44 NZST 2018:INFO:1 COMMON ROW
Mon Aug 06 15:29:44 NZST 2018:INFO:new value1
Mon Aug 06 15:29:44 NZST 2018:INFO:username updatedProp
Mon Aug 06 15:29:44 NZST 2018:INFO: UPDATED_DATA DOESNT EXIST
Mon Aug 06 15:29:45 NZST 2018:INFO:common:1#1="12user"
Mon Aug 06 15:29:45 NZST 2018:INFO:updateuser ##### tdsheet ##### 
Mon Aug 06 15:29:45 NZST 2018:INFO:2 ##### tdrow ##### 
Mon Aug 06 15:29:45 NZST 2018:INFO:1 ##### tdProp ##### 
Mon Aug 06 15:29:45 NZST 2018:INFO:12user ##### tdvalue ##### 
Mon Aug 06 15:29:45 NZST 2018:INFO:STOP LOOP = F
Mon Aug 06 15:29:46 NZST 2018:INFO:end loop value after get property  F
Mon Aug 06 15:29:46 NZST 2018:INFO:com.eviware.soapui.impl.wsdl.testcase.WsdlTestCaseRunner@5addc6
Mon Aug 06 15:29:46 NZST 2018:INFO:Running testcase again
Mon Aug 06 15:29:46 NZST 2018:INFO:createuser
Mon Aug 06 15:29:46 NZST 2018:INFO:com.eviware.soapui.impl.wsdl.testcase.WsdlTestCaseRunner@5addc6
Mon Aug 06 15:29:46 NZST 2018:INFO:C:\SOAPUI\Example
Mon Aug 06 15:29:46 NZST 2018:INFO:data.xls
Mon Aug 06 15:29:46 NZST 2018:INFO:start of filterdatadriver
Mon Aug 06 15:29:47 NZST 2018:INFO:1---- testindex ----
Mon Aug 06 15:29:47 NZST 2018:INFO:1 RUN before INCREASE
Mon Aug 06 15:29:47 NZST 2018:INFO:2 RUN AFTER INCREASE
Mon Aug 06 15:29:47 NZST 2018:INFO:4???????????????????????????????????
Mon Aug 06 15:29:47 NZST 2018:INFO:2 RUN during loop else
Mon Aug 06 15:29:47 NZST 2018:INFO:uid_id
Mon Aug 06 15:29:47 NZST 2018:INFO:[1,  2,  3,  &&&---&&&----&&&----&&&----&&&]
Mon Aug 06 15:29:47 NZST 2018:INFO:new value1
Mon Aug 06 15:29:47 NZST 2018:INFO:username updatedProp
Mon Aug 06 15:29:47 NZST 2018:INFO: LOGGING LC ARRAY [[id, username, firstname, lastname, password, phone]]
Mon Aug 06 15:29:47 NZST 2018:INFO:1 tIndex
Mon Aug 06 15:29:47 NZST 2018:INFO: 2 COMMON ROW
Mon Aug 06 15:29:47 NZST 2018:INFO:new value1
Mon Aug 06 15:29:47 NZST 2018:INFO:username updatedProp
Mon Aug 06 15:29:47 NZST 2018:INFO:Copying updated_data
Mon Aug 06 15:29:48 NZST 2018:INFO:common: 2#1="13user"
Mon Aug 06 15:29:48 NZST 2018:INFO:updateuser ##### tdsheet ##### 
Mon Aug 06 15:29:48 NZST 2018:INFO:3 ##### tdrow ##### 
Mon Aug 06 15:29:48 NZST 2018:INFO:1 ##### tdProp ##### 
Mon Aug 06 15:29:48 NZST 2018:INFO:13user ##### tdvalue ##### 
Mon Aug 06 15:29:49 NZST 2018:INFO:STOP LOOP = F
Mon Aug 06 15:29:50 NZST 2018:INFO:end loop value after get property  F
Mon Aug 06 15:29:50 NZST 2018:INFO:com.eviware.soapui.impl.wsdl.testcase.WsdlTestCaseRunner@5addc6
Mon Aug 06 15:29:50 NZST 2018:INFO:Running testcase again
Mon Aug 06 15:29:50 NZST 2018:INFO:createuser
Mon Aug 06 15:29:50 NZST 2018:INFO:com.eviware.soapui.impl.wsdl.testcase.WsdlTestCaseRunner@5addc6
Mon Aug 06 15:29:50 NZST 2018:INFO:C:\SOAPUI\Example
Mon Aug 06 15:29:50 NZST 2018:INFO:data.xls
Mon Aug 06 15:29:50 NZST 2018:INFO:start of filterdatadriver
Mon Aug 06 15:29:50 NZST 2018:INFO:2---- testindex ----
Mon Aug 06 15:29:50 NZST 2018:INFO:2 RUN before INCREASE
Mon Aug 06 15:29:50 NZST 2018:INFO:3 RUN AFTER INCREASE
Mon Aug 06 15:29:50 NZST 2018:INFO:4???????????????????????????????????
Mon Aug 06 15:29:50 NZST 2018:INFO:and testindex== 2 Setting the stoploop property now...
Mon Aug 06 15:29:50 NZST 2018:INFO:3RUN AFTER LOOP IS OVER
Mon Aug 06 15:29:51 NZST 2018:INFO:uid_id
Mon Aug 06 15:29:51 NZST 2018:INFO:[1,  2,  3,  &&&---&&&----&&&----&&&----&&&]
Mon Aug 06 15:29:51 NZST 2018:INFO:new value1
Mon Aug 06 15:29:51 NZST 2018:INFO:username updatedProp
Mon Aug 06 15:29:51 NZST 2018:INFO: LOGGING LC ARRAY [[id, username, firstname, lastname, password, phone]]
Mon Aug 06 15:29:51 NZST 2018:INFO:2 tIndex
Mon Aug 06 15:29:51 NZST 2018:INFO: 3 COMMON ROW
Mon Aug 06 15:29:51 NZST 2018:INFO:new value1
Mon Aug 06 15:29:51 NZST 2018:INFO:username updatedProp
Mon Aug 06 15:29:51 NZST 2018:INFO:Copying updated_data
Mon Aug 06 15:29:52 NZST 2018:INFO:common: 3#1="16user"
Mon Aug 06 15:29:52 NZST 2018:INFO:updateuser ##### tdsheet ##### 
Mon Aug 06 15:29:52 NZST 2018:INFO:1 ##### tdrow ##### 
Mon Aug 06 15:29:52 NZST 2018:INFO:1 ##### tdProp ##### 
Mon Aug 06 15:29:52 NZST 2018:INFO:16user ##### tdvalue ##### 
Mon Aug 06 15:29:52 NZST 2018:INFO:STOP LOOP = T
Mon Aug 06 15:29:52 NZST 2018:INFO:Loop over
Mon Aug 06 15:29:52 NZST 2018:INFO:t updateFile At end of loop
Mon Aug 06 15:29:53 NZST 2018:INFO:end loop value after get property  T
Mon Aug 06 15:29:53 NZST 2018:INFO:com.eviware.soapui.impl.wsdl.testcase.WsdlTestCaseRunner@5addc6
Mon Aug 06 15:29:53 NZST 2018:INFO:Exit Groovy Data Source Looper
Mon Aug 06 15:29:57 NZST 2018:INFO:C:\SOAPUI\Example
Mon Aug 06 15:29:57 NZST 2018:INFO:data.xls
Mon Aug 06 15:29:57 NZST 2018:INFO:start of filterdatadriver
Mon Aug 06 15:29:57 NZST 2018:INFO:0---- testindex ----
Mon Aug 06 15:29:57 NZST 2018:INFO:0 RUN before INCREASE
Mon Aug 06 15:29:57 NZST 2018:INFO:1 RUN AFTER INCREASE
Mon Aug 06 15:29:57 NZST 2018:INFO:4???????????????????????????????????
Mon Aug 06 15:29:57 NZST 2018:INFO:0 RUN during loop else if
Mon Aug 06 15:29:58 NZST 2018:INFO:uid_id
Mon Aug 06 15:29:58 NZST 2018:INFO:[1,  2,  3,  &&&---&&&----&&&----&&&----&&&]
Mon Aug 06 15:29:58 NZST 2018:INFO:new value1
Mon Aug 06 15:29:58 NZST 2018:INFO:username updatedProp
Mon Aug 06 15:29:58 NZST 2018:INFO: LOGGING LC ARRAY [[id, username, firstname, lastname, password, phone]]
Mon Aug 06 15:29:58 NZST 2018:INFO:0 tIndex
Mon Aug 06 15:29:58 NZST 2018:INFO:1 COMMON ROW
Mon Aug 06 15:29:58 NZST 2018:INFO:new value1
Mon Aug 06 15:29:58 NZST 2018:INFO:username updatedProp
Mon Aug 06 15:29:58 NZST 2018:INFO: UPDATED_DATA DOESNT EXIST
Mon Aug 06 15:29:59 NZST 2018:INFO:common:1#1="12user"
Mon Aug 06 15:29:59 NZST 2018:INFO:updateuser ##### tdsheet ##### 
Mon Aug 06 15:29:59 NZST 2018:INFO:2 ##### tdrow ##### 
Mon Aug 06 15:29:59 NZST 2018:INFO:1 ##### tdProp ##### 
Mon Aug 06 15:29:59 NZST 2018:INFO:12user ##### tdvalue ##### 
Mon Aug 06 15:29:59 NZST 2018:INFO:STOP LOOP = F
Mon Aug 06 15:30:00 NZST 2018:INFO:end loop value after get property  F
Mon Aug 06 15:30:00 NZST 2018:INFO:com.eviware.soapui.impl.wsdl.testcase.WsdlTestCaseRunner@96c6fc
Mon Aug 06 15:30:00 NZST 2018:INFO:Running testcase again
Mon Aug 06 15:30:00 NZST 2018:INFO:createuser
Mon Aug 06 15:30:00 NZST 2018:INFO:com.eviware.soapui.impl.wsdl.testcase.WsdlTestCaseRunner@96c6fc
Mon Aug 06 15:30:00 NZST 2018:INFO:C:\SOAPUI\Example
Mon Aug 06 15:30:00 NZST 2018:INFO:data.xls
Mon Aug 06 15:30:00 NZST 2018:INFO:start of filterdatadriver
Mon Aug 06 15:30:00 NZST 2018:INFO:1---- testindex ----
Mon Aug 06 15:30:00 NZST 2018:INFO:1 RUN before INCREASE
Mon Aug 06 15:30:00 NZST 2018:INFO:2 RUN AFTER INCREASE
Mon Aug 06 15:30:01 NZST 2018:INFO:4???????????????????????????????????
Mon Aug 06 15:30:01 NZST 2018:INFO:2 RUN during loop else
Mon Aug 06 15:30:01 NZST 2018:INFO:uid_id
Mon Aug 06 15:30:01 NZST 2018:INFO:[1,  2,  3,  &&&---&&&----&&&----&&&----&&&]
Mon Aug 06 15:30:01 NZST 2018:INFO:new value1
Mon Aug 06 15:30:01 NZST 2018:INFO:username updatedProp
Mon Aug 06 15:30:01 NZST 2018:INFO: LOGGING LC ARRAY [[id, username, firstname, lastname, password, phone]]
Mon Aug 06 15:30:01 NZST 2018:INFO:1 tIndex
Mon Aug 06 15:30:01 NZST 2018:INFO: 2 COMMON ROW
Mon Aug 06 15:30:01 NZST 2018:INFO:new value1
Mon Aug 06 15:30:01 NZST 2018:INFO:username updatedProp
Mon Aug 06 15:30:01 NZST 2018:INFO:Copying updated_data
Mon Aug 06 15:30:02 NZST 2018:INFO:common: 2#1="13user"
Mon Aug 06 15:30:02 NZST 2018:INFO:updateuser ##### tdsheet ##### 
Mon Aug 06 15:30:02 NZST 2018:INFO:3 ##### tdrow ##### 
Mon Aug 06 15:30:02 NZST 2018:INFO:1 ##### tdProp ##### 
Mon Aug 06 15:30:02 NZST 2018:INFO:13user ##### tdvalue ##### 
Mon Aug 06 15:30:02 NZST 2018:INFO:STOP LOOP = F
Mon Aug 06 15:30:03 NZST 2018:INFO:end loop value after get property  F
Mon Aug 06 15:30:03 NZST 2018:INFO:com.eviware.soapui.impl.wsdl.testcase.WsdlTestCaseRunner@96c6fc
Mon Aug 06 15:30:03 NZST 2018:INFO:Running testcase again
Mon Aug 06 15:30:03 NZST 2018:INFO:createuser
Mon Aug 06 15:30:03 NZST 2018:INFO:com.eviware.soapui.impl.wsdl.testcase.WsdlTestCaseRunner@96c6fc
Mon Aug 06 15:30:03 NZST 2018:INFO:C:\SOAPUI\Example
Mon Aug 06 15:30:03 NZST 2018:INFO:data.xls
Mon Aug 06 15:30:03 NZST 2018:INFO:start of filterdatadriver
Mon Aug 06 15:30:04 NZST 2018:INFO:2---- testindex ----
Mon Aug 06 15:30:04 NZST 2018:INFO:2 RUN before INCREASE
Mon Aug 06 15:30:04 NZST 2018:INFO:3 RUN AFTER INCREASE
Mon Aug 06 15:30:04 NZST 2018:INFO:4???????????????????????????????????
Mon Aug 06 15:30:04 NZST 2018:INFO:and testindex== 2 Setting the stoploop property now...
Mon Aug 06 15:30:04 NZST 2018:INFO:3RUN AFTER LOOP IS OVER
Mon Aug 06 15:30:04 NZST 2018:INFO:uid_id
Mon Aug 06 15:30:04 NZST 2018:INFO:[1,  2,  3,  &&&---&&&----&&&----&&&----&&&]
Mon Aug 06 15:30:04 NZST 2018:INFO:new value1
Mon Aug 06 15:30:04 NZST 2018:INFO:username updatedProp
Mon Aug 06 15:30:04 NZST 2018:INFO: LOGGING LC ARRAY [[id, username, firstname, lastname, password, phone]]
Mon Aug 06 15:30:04 NZST 2018:INFO:2 tIndex
Mon Aug 06 15:30:04 NZST 2018:INFO: 3 COMMON ROW
Mon Aug 06 15:30:04 NZST 2018:INFO:new value1
Mon Aug 06 15:30:04 NZST 2018:INFO:username updatedProp
Mon Aug 06 15:30:04 NZST 2018:INFO:Copying updated_data
Mon Aug 06 15:30:05 NZST 2018:INFO:common: 3#1="16user"
Mon Aug 06 15:30:05 NZST 2018:INFO:updateuser ##### tdsheet ##### 
Mon Aug 06 15:30:05 NZST 2018:INFO:1 ##### tdrow ##### 
Mon Aug 06 15:30:05 NZST 2018:INFO:1 ##### tdProp ##### 
Mon Aug 06 15:30:05 NZST 2018:INFO:16user ##### tdvalue ##### 
Mon Aug 06 15:30:05 NZST 2018:INFO:STOP LOOP = T
Mon Aug 06 15:30:05 NZST 2018:INFO:Loop over
Mon Aug 06 15:30:05 NZST 2018:INFO:t updateFile At end of loop
Mon Aug 06 15:30:06 NZST 2018:INFO:end loop value after get property  T
Mon Aug 06 15:30:06 NZST 2018:INFO:com.eviware.soapui.impl.wsdl.testcase.WsdlTestCaseRunner@96c6fc
Mon Aug 06 15:30:06 NZST 2018:INFO:Exit Groovy Data Source Looper
Mon Aug 06 15:34:27 NZST 2018:INFO:C:\SOAPUI\Example
Mon Aug 06 15:34:27 NZST 2018:INFO:data.xls
Mon Aug 06 15:34:27 NZST 2018:INFO:start of filterdatadriver
Mon Aug 06 15:34:27 NZST 2018:INFO:0---- testindex ----
Mon Aug 06 15:34:27 NZST 2018:INFO:0 RUN before INCREASE
Mon Aug 06 15:34:27 NZST 2018:INFO:1 RUN AFTER INCREASE
Mon Aug 06 15:34:27 NZST 2018:INFO:4???????????????????????????????????
Mon Aug 06 15:34:27 NZST 2018:INFO:0 RUN during loop else if
Mon Aug 06 15:34:28 NZST 2018:INFO:uid_id
Mon Aug 06 15:34:28 NZST 2018:INFO:[1,  2,  3,  &&&---&&&----&&&----&&&----&&&]
Mon Aug 06 15:34:28 NZST 2018:INFO:new value1
Mon Aug 06 15:34:28 NZST 2018:INFO:username updatedProp
Mon Aug 06 15:34:28 NZST 2018:INFO: LOGGING LC ARRAY [[id, username, firstname, lastname, password, phone]]
Mon Aug 06 15:34:28 NZST 2018:INFO:0 tIndex
Mon Aug 06 15:34:28 NZST 2018:INFO:1 COMMON ROW
Mon Aug 06 15:34:28 NZST 2018:INFO:new value1
Mon Aug 06 15:34:28 NZST 2018:INFO:username updatedProp
Mon Aug 06 15:34:28 NZST 2018:INFO: UPDATED_DATA DOESNT EXIST
Mon Aug 06 15:34:29 NZST 2018:INFO:common:1#1="12user"
Mon Aug 06 15:34:29 NZST 2018:INFO:updateuser ##### tdsheet ##### 
Mon Aug 06 15:34:29 NZST 2018:INFO:2 ##### tdrow ##### 
Mon Aug 06 15:34:29 NZST 2018:INFO:1 ##### tdProp ##### 
Mon Aug 06 15:34:29 NZST 2018:INFO:12user ##### tdvalue ##### 
Mon Aug 06 15:34:29 NZST 2018:INFO:STOP LOOP = F
Mon Aug 06 15:34:30 NZST 2018:INFO:end loop value after get property  F
Mon Aug 06 15:34:30 NZST 2018:INFO:com.eviware.soapui.impl.wsdl.testcase.WsdlTestCaseRunner@1b29849
Mon Aug 06 15:34:30 NZST 2018:INFO:Running testcase again
Mon Aug 06 15:34:30 NZST 2018:INFO:createuser
Mon Aug 06 15:34:30 NZST 2018:INFO:com.eviware.soapui.impl.wsdl.testcase.WsdlTestCaseRunner@1b29849
Mon Aug 06 15:34:30 NZST 2018:INFO:C:\SOAPUI\Example
Mon Aug 06 15:34:30 NZST 2018:INFO:data.xls
Mon Aug 06 15:34:30 NZST 2018:INFO:start of filterdatadriver
Mon Aug 06 15:34:30 NZST 2018:INFO:1---- testindex ----
Mon Aug 06 15:34:30 NZST 2018:INFO:1 RUN before INCREASE
Mon Aug 06 15:34:30 NZST 2018:INFO:2 RUN AFTER INCREASE
Mon Aug 06 15:34:31 NZST 2018:INFO:4???????????????????????????????????
Mon Aug 06 15:34:31 NZST 2018:INFO:2 RUN during loop else
Mon Aug 06 15:34:31 NZST 2018:INFO:uid_id
Mon Aug 06 15:34:31 NZST 2018:INFO:[1,  2,  3,  &&&---&&&----&&&----&&&----&&&]
Mon Aug 06 15:34:31 NZST 2018:INFO:new value1
Mon Aug 06 15:34:31 NZST 2018:INFO:username updatedProp
Mon Aug 06 15:34:31 NZST 2018:INFO: LOGGING LC ARRAY [[id, username, firstname, lastname, password, phone]]
Mon Aug 06 15:34:31 NZST 2018:INFO:1 tIndex
Mon Aug 06 15:34:31 NZST 2018:INFO: 2 COMMON ROW
Mon Aug 06 15:34:31 NZST 2018:INFO:new value1
Mon Aug 06 15:34:31 NZST 2018:INFO:username updatedProp
Mon Aug 06 15:34:31 NZST 2018:INFO:Copying updated_data
Mon Aug 06 15:34:32 NZST 2018:INFO:common: 2#1="13user"
Mon Aug 06 15:34:32 NZST 2018:INFO:updateuser ##### tdsheet ##### 
Mon Aug 06 15:34:32 NZST 2018:INFO:3 ##### tdrow ##### 
Mon Aug 06 15:34:32 NZST 2018:INFO:1 ##### tdProp ##### 
Mon Aug 06 15:34:32 NZST 2018:INFO:13user ##### tdvalue ##### 
Mon Aug 06 15:34:32 NZST 2018:INFO:STOP LOOP = F
Mon Aug 06 15:34:33 NZST 2018:INFO:end loop value after get property  F
Mon Aug 06 15:34:33 NZST 2018:INFO:com.eviware.soapui.impl.wsdl.testcase.WsdlTestCaseRunner@1b29849
Mon Aug 06 15:34:33 NZST 2018:INFO:Running testcase again
Mon Aug 06 15:34:33 NZST 2018:INFO:createuser
Mon Aug 06 15:34:33 NZST 2018:INFO:com.eviware.soapui.impl.wsdl.testcase.WsdlTestCaseRunner@1b29849
Mon Aug 06 15:34:33 NZST 2018:INFO:C:\SOAPUI\Example
Mon Aug 06 15:34:33 NZST 2018:INFO:data.xls
Mon Aug 06 15:34:33 NZST 2018:INFO:start of filterdatadriver
Mon Aug 06 15:34:34 NZST 2018:INFO:2---- testindex ----
Mon Aug 06 15:34:34 NZST 2018:INFO:2 RUN before INCREASE
Mon Aug 06 15:34:34 NZST 2018:INFO:3 RUN AFTER INCREASE
Mon Aug 06 15:34:34 NZST 2018:INFO:4???????????????????????????????????
Mon Aug 06 15:34:34 NZST 2018:INFO:and testindex== 2 Setting the stoploop property now...
Mon Aug 06 15:34:34 NZST 2018:INFO:3RUN AFTER LOOP IS OVER
Mon Aug 06 15:34:35 NZST 2018:INFO:uid_id
Mon Aug 06 15:34:35 NZST 2018:INFO:[1,  2,  3,  &&&---&&&----&&&----&&&----&&&]
Mon Aug 06 15:34:35 NZST 2018:INFO:new value1
Mon Aug 06 15:34:35 NZST 2018:INFO:username updatedProp
Mon Aug 06 15:34:35 NZST 2018:INFO: LOGGING LC ARRAY [[id, username, firstname, lastname, password, phone]]
Mon Aug 06 15:34:35 NZST 2018:INFO:2 tIndex
Mon Aug 06 15:34:35 NZST 2018:INFO: 3 COMMON ROW
Mon Aug 06 15:34:35 NZST 2018:INFO:new value1
Mon Aug 06 15:34:35 NZST 2018:INFO:username updatedProp
Mon Aug 06 15:34:35 NZST 2018:INFO:Copying updated_data
Mon Aug 06 15:34:35 NZST 2018:INFO:common: 3#1="16user"
Mon Aug 06 15:34:35 NZST 2018:INFO:updateuser ##### tdsheet ##### 
Mon Aug 06 15:34:35 NZST 2018:INFO:1 ##### tdrow ##### 
Mon Aug 06 15:34:35 NZST 2018:INFO:1 ##### tdProp ##### 
Mon Aug 06 15:34:35 NZST 2018:INFO:16user ##### tdvalue ##### 
Mon Aug 06 15:34:36 NZST 2018:INFO:STOP LOOP = T
Mon Aug 06 15:34:36 NZST 2018:INFO:Loop over
Mon Aug 06 15:34:36 NZST 2018:INFO:t updateFile At end of loop
Mon Aug 06 15:34:37 NZST 2018:INFO:end loop value after get property  T
Mon Aug 06 15:34:37 NZST 2018:INFO:com.eviware.soapui.impl.wsdl.testcase.WsdlTestCaseRunner@1b29849
Mon Aug 06 15:34:37 NZST 2018:INFO:Exit Groovy Data Source Looper
Mon Aug 06 15:36:24 NZST 2018:INFO:C:\SOAPUI\Example
Mon Aug 06 15:36:24 NZST 2018:INFO:data.xls
Mon Aug 06 15:36:24 NZST 2018:INFO:start of filterdatadriver
Mon Aug 06 15:36:24 NZST 2018:INFO:0---- testindex ----
Mon Aug 06 15:36:24 NZST 2018:INFO:0 RUN before INCREASE
Mon Aug 06 15:36:24 NZST 2018:INFO:1 RUN AFTER INCREASE
Mon Aug 06 15:36:24 NZST 2018:INFO:4???????????????????????????????????
Mon Aug 06 15:36:24 NZST 2018:INFO:0 RUN during loop else if
Mon Aug 06 15:36:25 NZST 2018:INFO:uid_id
Mon Aug 06 15:36:25 NZST 2018:INFO:[1,  2,  3,  &&&---&&&----&&&----&&&----&&&]
Mon Aug 06 15:36:25 NZST 2018:INFO:new value1
Mon Aug 06 15:36:25 NZST 2018:INFO:username updatedProp
Mon Aug 06 15:36:25 NZST 2018:INFO: LOGGING LC ARRAY [[id, username, firstname, lastname, password, phone]]
Mon Aug 06 15:36:25 NZST 2018:INFO:0 tIndex
Mon Aug 06 15:36:25 NZST 2018:INFO:1 COMMON ROW
Mon Aug 06 15:36:25 NZST 2018:INFO:new value1
Mon Aug 06 15:36:25 NZST 2018:INFO:username updatedProp
Mon Aug 06 15:36:25 NZST 2018:INFO: UPDATED_DATA DOESNT EXIST
Mon Aug 06 15:36:26 NZST 2018:INFO:common:1#1="12user"
Mon Aug 06 15:36:26 NZST 2018:INFO:updateuser ##### tdsheet ##### 
Mon Aug 06 15:36:26 NZST 2018:INFO:2 ##### tdrow ##### 
Mon Aug 06 15:36:26 NZST 2018:INFO:1 ##### tdProp ##### 
Mon Aug 06 15:36:26 NZST 2018:INFO:user12 ##### tdvalue ##### 
Mon Aug 06 15:36:26 NZST 2018:INFO:STOP LOOP = F
Mon Aug 06 15:36:27 NZST 2018:INFO:end loop value after get property  F
Mon Aug 06 15:36:27 NZST 2018:INFO:com.eviware.soapui.impl.wsdl.testcase.WsdlTestCaseRunner@ab8ff3
Mon Aug 06 15:36:27 NZST 2018:INFO:Running testcase again
Mon Aug 06 15:36:27 NZST 2018:INFO:createuser
Mon Aug 06 15:36:27 NZST 2018:INFO:com.eviware.soapui.impl.wsdl.testcase.WsdlTestCaseRunner@ab8ff3
Mon Aug 06 15:36:27 NZST 2018:INFO:C:\SOAPUI\Example
Mon Aug 06 15:36:27 NZST 2018:INFO:data.xls
Mon Aug 06 15:36:27 NZST 2018:INFO:start of filterdatadriver
Mon Aug 06 15:36:27 NZST 2018:INFO:1---- testindex ----
Mon Aug 06 15:36:27 NZST 2018:INFO:1 RUN before INCREASE
Mon Aug 06 15:36:27 NZST 2018:INFO:2 RUN AFTER INCREASE
Mon Aug 06 15:36:27 NZST 2018:INFO:4???????????????????????????????????
Mon Aug 06 15:36:27 NZST 2018:INFO:2 RUN during loop else
Mon Aug 06 15:36:28 NZST 2018:INFO:uid_id
Mon Aug 06 15:36:28 NZST 2018:INFO:[1,  2,  3,  &&&---&&&----&&&----&&&----&&&]
Mon Aug 06 15:36:28 NZST 2018:INFO:new value1
Mon Aug 06 15:36:28 NZST 2018:INFO:username updatedProp
Mon Aug 06 15:36:28 NZST 2018:INFO: LOGGING LC ARRAY [[id, username, firstname, lastname, password, phone]]
Mon Aug 06 15:36:28 NZST 2018:INFO:1 tIndex
Mon Aug 06 15:36:28 NZST 2018:INFO: 2 COMMON ROW
Mon Aug 06 15:36:28 NZST 2018:INFO:new value1
Mon Aug 06 15:36:28 NZST 2018:INFO:username updatedProp
Mon Aug 06 15:36:28 NZST 2018:INFO:Copying updated_data
Mon Aug 06 15:36:29 NZST 2018:INFO:common: 2#1="13user"
Mon Aug 06 15:36:29 NZST 2018:INFO:updateuser ##### tdsheet ##### 
Mon Aug 06 15:36:29 NZST 2018:INFO:3 ##### tdrow ##### 
Mon Aug 06 15:36:29 NZST 2018:INFO:1 ##### tdProp ##### 
Mon Aug 06 15:36:29 NZST 2018:INFO:user13 ##### tdvalue ##### 
Mon Aug 06 15:36:29 NZST 2018:INFO:STOP LOOP = F
Mon Aug 06 15:36:30 NZST 2018:INFO:end loop value after get property  F
Mon Aug 06 15:36:30 NZST 2018:INFO:com.eviware.soapui.impl.wsdl.testcase.WsdlTestCaseRunner@ab8ff3
Mon Aug 06 15:36:30 NZST 2018:INFO:Running testcase again
Mon Aug 06 15:36:30 NZST 2018:INFO:createuser
Mon Aug 06 15:36:30 NZST 2018:INFO:com.eviware.soapui.impl.wsdl.testcase.WsdlTestCaseRunner@ab8ff3
Mon Aug 06 15:36:30 NZST 2018:INFO:C:\SOAPUI\Example
Mon Aug 06 15:36:30 NZST 2018:INFO:data.xls
Mon Aug 06 15:36:30 NZST 2018:INFO:start of filterdatadriver
Mon Aug 06 15:36:30 NZST 2018:INFO:2---- testindex ----
Mon Aug 06 15:36:30 NZST 2018:INFO:2 RUN before INCREASE
Mon Aug 06 15:36:30 NZST 2018:INFO:3 RUN AFTER INCREASE
Mon Aug 06 15:36:30 NZST 2018:INFO:4???????????????????????????????????
Mon Aug 06 15:36:30 NZST 2018:INFO:and testindex== 2 Setting the stoploop property now...
Mon Aug 06 15:36:30 NZST 2018:INFO:3RUN AFTER LOOP IS OVER
Mon Aug 06 15:36:30 NZST 2018:INFO:uid_id
Mon Aug 06 15:36:30 NZST 2018:INFO:[1,  2,  3,  &&&---&&&----&&&----&&&----&&&]
Mon Aug 06 15:36:30 NZST 2018:INFO:new value1
Mon Aug 06 15:36:30 NZST 2018:INFO:username updatedProp
Mon Aug 06 15:36:30 NZST 2018:INFO: LOGGING LC ARRAY [[id, username, firstname, lastname, password, phone]]
Mon Aug 06 15:36:30 NZST 2018:INFO:2 tIndex
Mon Aug 06 15:36:30 NZST 2018:INFO: 3 COMMON ROW
Mon Aug 06 15:36:30 NZST 2018:INFO:new value1
Mon Aug 06 15:36:30 NZST 2018:INFO:username updatedProp
Mon Aug 06 15:36:30 NZST 2018:INFO:Copying updated_data
Mon Aug 06 15:36:31 NZST 2018:INFO:common: 3#1="16user"
Mon Aug 06 15:36:31 NZST 2018:INFO:updateuser ##### tdsheet ##### 
Mon Aug 06 15:36:31 NZST 2018:INFO:1 ##### tdrow ##### 
Mon Aug 06 15:36:31 NZST 2018:INFO:1 ##### tdProp ##### 
Mon Aug 06 15:36:31 NZST 2018:INFO:user14 ##### tdvalue ##### 
Mon Aug 06 15:36:31 NZST 2018:INFO:STOP LOOP = T
Mon Aug 06 15:36:31 NZST 2018:INFO:Loop over
Mon Aug 06 15:36:31 NZST 2018:INFO:t updateFile At end of loop
Mon Aug 06 15:36:32 NZST 2018:INFO:end loop value after get property  T
Mon Aug 06 15:36:32 NZST 2018:INFO:com.eviware.soapui.impl.wsdl.testcase.WsdlTestCaseRunner@ab8ff3
Mon Aug 06 15:36:32 NZST 2018:INFO:Exit Groovy Data Source Looper
Mon Aug 06 15:36:46 NZST 2018:INFO:C:\SOAPUI\Example
Mon Aug 06 15:36:46 NZST 2018:INFO:data.xls
Mon Aug 06 15:36:46 NZST 2018:INFO:start of filterdatadriver
Mon Aug 06 15:36:46 NZST 2018:INFO:0---- testindex ----
Mon Aug 06 15:36:46 NZST 2018:INFO:0 RUN before INCREASE
Mon Aug 06 15:36:46 NZST 2018:INFO:1 RUN AFTER INCREASE
Mon Aug 06 15:36:46 NZST 2018:INFO:4???????????????????????????????????
Mon Aug 06 15:36:46 NZST 2018:INFO:0 RUN during loop else if
Mon Aug 06 15:36:47 NZST 2018:INFO:uid_id
Mon Aug 06 15:36:47 NZST 2018:INFO:[1,  2,  3,  &&&---&&&----&&&----&&&----&&&]
Mon Aug 06 15:36:47 NZST 2018:INFO:new value1
Mon Aug 06 15:36:47 NZST 2018:INFO:username updatedProp
Mon Aug 06 15:36:47 NZST 2018:INFO: LOGGING LC ARRAY [[id, username, firstname, lastname, password, phone]]
Mon Aug 06 15:36:47 NZST 2018:INFO:0 tIndex
Mon Aug 06 15:36:47 NZST 2018:INFO:1 COMMON ROW
Mon Aug 06 15:36:47 NZST 2018:INFO:new value1
Mon Aug 06 15:36:47 NZST 2018:INFO:username updatedProp
Mon Aug 06 15:36:47 NZST 2018:INFO: UPDATED_DATA DOESNT EXIST
Mon Aug 06 15:36:47 NZST 2018:INFO:common:1#1="user12"
Mon Aug 06 15:36:47 NZST 2018:INFO:updateuser ##### tdsheet ##### 
Mon Aug 06 15:36:47 NZST 2018:INFO:2 ##### tdrow ##### 
Mon Aug 06 15:36:47 NZST 2018:INFO:1 ##### tdProp ##### 
Mon Aug 06 15:36:47 NZST 2018:INFO:12user ##### tdvalue ##### 
Mon Aug 06 15:36:47 NZST 2018:INFO:STOP LOOP = F
Mon Aug 06 15:36:53 NZST 2018:INFO:C:\SOAPUI\Example
Mon Aug 06 15:36:53 NZST 2018:INFO:data.xls
Mon Aug 06 15:36:54 NZST 2018:INFO:start of filterdatadriver
Mon Aug 06 15:36:54 NZST 2018:INFO:1---- testindex ----
Mon Aug 06 15:36:54 NZST 2018:INFO:1 RUN before INCREASE
Mon Aug 06 15:36:54 NZST 2018:INFO:2 RUN AFTER INCREASE
Mon Aug 06 15:36:54 NZST 2018:INFO:4???????????????????????????????????
Mon Aug 06 15:36:54 NZST 2018:INFO:2 RUN during loop else
Mon Aug 06 15:36:54 NZST 2018:INFO:uid_id
Mon Aug 06 15:36:54 NZST 2018:INFO:[1,  2,  3,  &&&---&&&----&&&----&&&----&&&]
Mon Aug 06 15:36:54 NZST 2018:INFO:new value1
Mon Aug 06 15:36:54 NZST 2018:INFO:username updatedProp
Mon Aug 06 15:36:54 NZST 2018:INFO: LOGGING LC ARRAY [[id, username, firstname, lastname, password, phone]]
Mon Aug 06 15:36:54 NZST 2018:INFO:1 tIndex
Mon Aug 06 15:36:54 NZST 2018:INFO: 2 COMMON ROW
Mon Aug 06 15:36:54 NZST 2018:INFO:new value1
Mon Aug 06 15:36:54 NZST 2018:INFO:username updatedProp
Mon Aug 06 15:36:54 NZST 2018:INFO:Copying updated_data
Mon Aug 06 15:36:55 NZST 2018:INFO:common: 2#1="user13"
Mon Aug 06 15:36:55 NZST 2018:INFO:updateuser ##### tdsheet ##### 
Mon Aug 06 15:36:55 NZST 2018:INFO:3 ##### tdrow ##### 
Mon Aug 06 15:36:55 NZST 2018:INFO:1 ##### tdProp ##### 
Mon Aug 06 15:36:55 NZST 2018:INFO:13user ##### tdvalue ##### 
Mon Aug 06 15:36:55 NZST 2018:INFO:STOP LOOP = F
Mon Aug 06 15:36:56 NZST 2018:INFO:end loop value after get property  F
Mon Aug 06 15:36:56 NZST 2018:INFO:com.eviware.soapui.impl.wsdl.testcase.WsdlTestCaseRunner@19da597
Mon Aug 06 15:36:56 NZST 2018:INFO:Running testcase again
Mon Aug 06 15:36:56 NZST 2018:INFO:createuser
Mon Aug 06 15:36:56 NZST 2018:INFO:com.eviware.soapui.impl.wsdl.testcase.WsdlTestCaseRunner@19da597
Mon Aug 06 15:36:56 NZST 2018:INFO:C:\SOAPUI\Example
Mon Aug 06 15:36:56 NZST 2018:INFO:data.xls
Mon Aug 06 15:36:56 NZST 2018:INFO:start of filterdatadriver
Mon Aug 06 15:36:56 NZST 2018:INFO:2---- testindex ----
Mon Aug 06 15:36:56 NZST 2018:INFO:2 RUN before INCREASE
Mon Aug 06 15:36:56 NZST 2018:INFO:3 RUN AFTER INCREASE
Mon Aug 06 15:36:56 NZST 2018:INFO:4???????????????????????????????????
Mon Aug 06 15:36:56 NZST 2018:INFO:and testindex== 2 Setting the stoploop property now...
Mon Aug 06 15:36:56 NZST 2018:INFO:3RUN AFTER LOOP IS OVER
Mon Aug 06 15:36:57 NZST 2018:INFO:uid_id
Mon Aug 06 15:36:57 NZST 2018:INFO:[1,  2,  3,  &&&---&&&----&&&----&&&----&&&]
Mon Aug 06 15:36:57 NZST 2018:INFO:new value1
Mon Aug 06 15:36:57 NZST 2018:INFO:username updatedProp
Mon Aug 06 15:36:57 NZST 2018:INFO: LOGGING LC ARRAY [[id, username, firstname, lastname, password, phone]]
Mon Aug 06 15:36:57 NZST 2018:INFO:2 tIndex
Mon Aug 06 15:36:57 NZST 2018:INFO: 3 COMMON ROW
Mon Aug 06 15:36:57 NZST 2018:INFO:new value1
Mon Aug 06 15:36:57 NZST 2018:INFO:username updatedProp
Mon Aug 06 15:36:57 NZST 2018:INFO:Copying updated_data
Mon Aug 06 15:36:57 NZST 2018:INFO:common: 3#1="user14"
Mon Aug 06 15:36:57 NZST 2018:INFO:updateuser ##### tdsheet ##### 
Mon Aug 06 15:36:57 NZST 2018:INFO:1 ##### tdrow ##### 
Mon Aug 06 15:36:57 NZST 2018:INFO:1 ##### tdProp ##### 
Mon Aug 06 15:36:57 NZST 2018:INFO:16user ##### tdvalue ##### 
Mon Aug 06 15:36:57 NZST 2018:INFO:STOP LOOP = T
Mon Aug 06 15:36:57 NZST 2018:INFO:Loop over
Mon Aug 06 15:36:57 NZST 2018:INFO:t updateFile At end of loop
Mon Aug 06 15:36:58 NZST 2018:INFO:end loop value after get property  T
Mon Aug 06 15:36:58 NZST 2018:INFO:com.eviware.soapui.impl.wsdl.testcase.WsdlTestCaseRunner@19da597
Mon Aug 06 15:36:58 NZST 2018:INFO:Exit Groovy Data Source Looper
Mon Aug 06 15:37:12 NZST 2018:INFO:C:\SOAPUI\Example
Mon Aug 06 15:37:12 NZST 2018:INFO:data.xls
Mon Aug 06 15:37:12 NZST 2018:INFO:start of filterdatadriver
Mon Aug 06 15:37:13 NZST 2018:INFO:0---- testindex ----
Mon Aug 06 15:37:13 NZST 2018:INFO:0 RUN before INCREASE
Mon Aug 06 15:37:13 NZST 2018:INFO:1 RUN AFTER INCREASE
Mon Aug 06 15:37:13 NZST 2018:INFO:4???????????????????????????????????
Mon Aug 06 15:37:13 NZST 2018:INFO:0 RUN during loop else if
Mon Aug 06 15:37:13 NZST 2018:INFO:uid_id
Mon Aug 06 15:37:13 NZST 2018:INFO:[1,  2,  3,  &&&---&&&----&&&----&&&----&&&]
Mon Aug 06 15:37:13 NZST 2018:INFO:new value1
Mon Aug 06 15:37:13 NZST 2018:INFO:username updatedProp
Mon Aug 06 15:37:13 NZST 2018:INFO: LOGGING LC ARRAY [[id, username, firstname, lastname, password, phone]]
Mon Aug 06 15:37:13 NZST 2018:INFO:0 tIndex
Mon Aug 06 15:37:13 NZST 2018:INFO:1 COMMON ROW
Mon Aug 06 15:37:13 NZST 2018:INFO:new value1
Mon Aug 06 15:37:13 NZST 2018:INFO:username updatedProp
Mon Aug 06 15:37:13 NZST 2018:INFO: UPDATED_DATA DOESNT EXIST
Mon Aug 06 15:37:14 NZST 2018:INFO:common:1#1="user12"
Mon Aug 06 15:37:14 NZST 2018:INFO:updateuser ##### tdsheet ##### 
Mon Aug 06 15:37:14 NZST 2018:INFO:2 ##### tdrow ##### 
Mon Aug 06 15:37:14 NZST 2018:INFO:1 ##### tdProp ##### 
Mon Aug 06 15:37:14 NZST 2018:INFO:12user ##### tdvalue ##### 
Mon Aug 06 15:37:14 NZST 2018:INFO:STOP LOOP = F
Mon Aug 06 15:37:15 NZST 2018:INFO:end loop value after get property  F
Mon Aug 06 15:37:15 NZST 2018:INFO:com.eviware.soapui.impl.wsdl.testcase.WsdlTestCaseRunner@6e40f7
Mon Aug 06 15:37:15 NZST 2018:INFO:Running testcase again
Mon Aug 06 15:37:15 NZST 2018:INFO:createuser
Mon Aug 06 15:37:15 NZST 2018:INFO:com.eviware.soapui.impl.wsdl.testcase.WsdlTestCaseRunner@6e40f7
Mon Aug 06 15:37:15 NZST 2018:INFO:C:\SOAPUI\Example
Mon Aug 06 15:37:15 NZST 2018:INFO:data.xls
Mon Aug 06 15:37:15 NZST 2018:INFO:start of filterdatadriver
Mon Aug 06 15:37:15 NZST 2018:INFO:1---- testindex ----
Mon Aug 06 15:37:15 NZST 2018:INFO:1 RUN before INCREASE
Mon Aug 06 15:37:15 NZST 2018:INFO:2 RUN AFTER INCREASE
Mon Aug 06 15:37:16 NZST 2018:INFO:4???????????????????????????????????
Mon Aug 06 15:37:16 NZST 2018:INFO:2 RUN during loop else
Mon Aug 06 15:37:16 NZST 2018:INFO:uid_id
Mon Aug 06 15:37:16 NZST 2018:INFO:[1,  2,  3,  &&&---&&&----&&&----&&&----&&&]
Mon Aug 06 15:37:16 NZST 2018:INFO:new value1
Mon Aug 06 15:37:16 NZST 2018:INFO:username updatedProp
Mon Aug 06 15:37:16 NZST 2018:INFO: LOGGING LC ARRAY [[id, username, firstname, lastname, password, phone]]
Mon Aug 06 15:37:16 NZST 2018:INFO:1 tIndex
Mon Aug 06 15:37:16 NZST 2018:INFO: 2 COMMON ROW
Mon Aug 06 15:37:16 NZST 2018:INFO:new value1
Mon Aug 06 15:37:16 NZST 2018:INFO:username updatedProp
Mon Aug 06 15:37:16 NZST 2018:INFO:Copying updated_data
Mon Aug 06 15:37:17 NZST 2018:INFO:common: 2#1="13user"
Mon Aug 06 15:37:17 NZST 2018:INFO:updateuser ##### tdsheet ##### 
Mon Aug 06 15:37:17 NZST 2018:INFO:3 ##### tdrow ##### 
Mon Aug 06 15:37:17 NZST 2018:INFO:1 ##### tdProp ##### 
Mon Aug 06 15:37:17 NZST 2018:INFO:user13 ##### tdvalue ##### 
Mon Aug 06 15:37:17 NZST 2018:INFO:STOP LOOP = F
Mon Aug 06 15:37:18 NZST 2018:INFO:end loop value after get property  F
Mon Aug 06 15:37:18 NZST 2018:INFO:com.eviware.soapui.impl.wsdl.testcase.WsdlTestCaseRunner@6e40f7
Mon Aug 06 15:37:18 NZST 2018:INFO:Running testcase again
Mon Aug 06 15:37:18 NZST 2018:INFO:createuser
Mon Aug 06 15:37:18 NZST 2018:INFO:com.eviware.soapui.impl.wsdl.testcase.WsdlTestCaseRunner@6e40f7
Mon Aug 06 15:37:18 NZST 2018:INFO:C:\SOAPUI\Example
Mon Aug 06 15:37:18 NZST 2018:INFO:data.xls
Mon Aug 06 15:37:18 NZST 2018:INFO:start of filterdatadriver
Mon Aug 06 15:37:19 NZST 2018:INFO:2---- testindex ----
Mon Aug 06 15:37:19 NZST 2018:INFO:2 RUN before INCREASE
Mon Aug 06 15:37:19 NZST 2018:INFO:3 RUN AFTER INCREASE
Mon Aug 06 15:37:19 NZST 2018:INFO:4???????????????????????????????????
Mon Aug 06 15:37:19 NZST 2018:INFO:and testindex== 2 Setting the stoploop property now...
Mon Aug 06 15:37:19 NZST 2018:INFO:3RUN AFTER LOOP IS OVER
Mon Aug 06 15:37:19 NZST 2018:INFO:uid_id
Mon Aug 06 15:37:19 NZST 2018:INFO:[1,  2,  3,  &&&---&&&----&&&----&&&----&&&]
Mon Aug 06 15:37:19 NZST 2018:INFO:new value1
Mon Aug 06 15:37:19 NZST 2018:INFO:username updatedProp
Mon Aug 06 15:37:19 NZST 2018:INFO: LOGGING LC ARRAY [[id, username, firstname, lastname, password, phone]]
Mon Aug 06 15:37:19 NZST 2018:INFO:2 tIndex
Mon Aug 06 15:37:19 NZST 2018:INFO: 3 COMMON ROW
Mon Aug 06 15:37:19 NZST 2018:INFO:new value1
Mon Aug 06 15:37:19 NZST 2018:INFO:username updatedProp
Mon Aug 06 15:37:19 NZST 2018:INFO:Copying updated_data
Mon Aug 06 15:37:20 NZST 2018:INFO:common: 3#1="16user"
Mon Aug 06 15:37:20 NZST 2018:INFO:updateuser ##### tdsheet ##### 
Mon Aug 06 15:37:20 NZST 2018:INFO:1 ##### tdrow ##### 
Mon Aug 06 15:37:20 NZST 2018:INFO:1 ##### tdProp ##### 
Mon Aug 06 15:37:20 NZST 2018:INFO:user14 ##### tdvalue ##### 
Mon Aug 06 15:37:20 NZST 2018:INFO:STOP LOOP = T
Mon Aug 06 15:37:20 NZST 2018:INFO:Loop over
Mon Aug 06 15:37:20 NZST 2018:INFO:t updateFile At end of loop
Mon Aug 06 15:37:21 NZST 2018:INFO:end loop value after get property  T
Mon Aug 06 15:37:21 NZST 2018:INFO:com.eviware.soapui.impl.wsdl.testcase.WsdlTestCaseRunner@6e40f7
Mon Aug 06 15:37:21 NZST 2018:INFO:Exit Groovy Data Source Looper
Mon Aug 06 15:37:22 NZST 2018:INFO:C:\SOAPUI\Example
Mon Aug 06 15:37:22 NZST 2018:INFO:data.xls
Mon Aug 06 15:37:22 NZST 2018:INFO:start of filterdatadriver
Mon Aug 06 15:37:23 NZST 2018:INFO:0---- testindex ----
Mon Aug 06 15:37:23 NZST 2018:INFO:0 RUN before INCREASE
Mon Aug 06 15:37:23 NZST 2018:INFO:1 RUN AFTER INCREASE
Mon Aug 06 15:37:23 NZST 2018:INFO:4???????????????????????????????????
Mon Aug 06 15:37:23 NZST 2018:INFO:0 RUN during loop else if
Mon Aug 06 15:37:23 NZST 2018:INFO:uid_id
Mon Aug 06 15:37:23 NZST 2018:INFO:[1,  2,  3,  &&&---&&&----&&&----&&&----&&&]
Mon Aug 06 15:37:23 NZST 2018:INFO:new value1
Mon Aug 06 15:37:23 NZST 2018:INFO:username updatedProp
Mon Aug 06 15:37:23 NZST 2018:INFO: LOGGING LC ARRAY [[id, username, firstname, lastname, password, phone]]
Mon Aug 06 15:37:23 NZST 2018:INFO:0 tIndex
Mon Aug 06 15:37:23 NZST 2018:INFO:1 COMMON ROW
Mon Aug 06 15:37:23 NZST 2018:INFO:new value1
Mon Aug 06 15:37:23 NZST 2018:INFO:username updatedProp
Mon Aug 06 15:37:23 NZST 2018:INFO: UPDATED_DATA DOESNT EXIST
Mon Aug 06 15:37:24 NZST 2018:INFO:common:1#1="12user"
Mon Aug 06 15:37:24 NZST 2018:INFO:updateuser ##### tdsheet ##### 
Mon Aug 06 15:37:24 NZST 2018:INFO:2 ##### tdrow ##### 
Mon Aug 06 15:37:24 NZST 2018:INFO:1 ##### tdProp ##### 
Mon Aug 06 15:37:24 NZST 2018:INFO:user12 ##### tdvalue ##### 
Mon Aug 06 15:37:24 NZST 2018:INFO:STOP LOOP = F
Mon Aug 06 15:37:25 NZST 2018:INFO:end loop value after get property  F
Mon Aug 06 15:37:25 NZST 2018:INFO:com.eviware.soapui.impl.wsdl.testcase.WsdlTestCaseRunner@1ddc002
Mon Aug 06 15:37:25 NZST 2018:INFO:Running testcase again
Mon Aug 06 15:37:25 NZST 2018:INFO:createuser
Mon Aug 06 15:37:25 NZST 2018:INFO:com.eviware.soapui.impl.wsdl.testcase.WsdlTestCaseRunner@1ddc002
Mon Aug 06 15:37:25 NZST 2018:INFO:C:\SOAPUI\Example
Mon Aug 06 15:37:25 NZST 2018:INFO:data.xls
Mon Aug 06 15:37:25 NZST 2018:INFO:start of filterdatadriver
Mon Aug 06 15:37:26 NZST 2018:INFO:1---- testindex ----
Mon Aug 06 15:37:26 NZST 2018:INFO:1 RUN before INCREASE
Mon Aug 06 15:37:26 NZST 2018:INFO:2 RUN AFTER INCREASE
Mon Aug 06 15:37:26 NZST 2018:INFO:4???????????????????????????????????
Mon Aug 06 15:37:26 NZST 2018:INFO:2 RUN during loop else
Mon Aug 06 15:37:26 NZST 2018:INFO:uid_id
Mon Aug 06 15:37:26 NZST 2018:INFO:[1,  2,  3,  &&&---&&&----&&&----&&&----&&&]
Mon Aug 06 15:37:26 NZST 2018:INFO:new value1
Mon Aug 06 15:37:26 NZST 2018:INFO:username updatedProp
Mon Aug 06 15:37:26 NZST 2018:INFO: LOGGING LC ARRAY [[id, username, firstname, lastname, password, phone]]
Mon Aug 06 15:37:26 NZST 2018:INFO:1 tIndex
Mon Aug 06 15:37:26 NZST 2018:INFO: 2 COMMON ROW
Mon Aug 06 15:37:26 NZST 2018:INFO:new value1
Mon Aug 06 15:37:26 NZST 2018:INFO:username updatedProp
Mon Aug 06 15:37:26 NZST 2018:INFO:Copying updated_data
Mon Aug 06 15:37:27 NZST 2018:INFO:common: 2#1="user13"
Mon Aug 06 15:37:27 NZST 2018:INFO:updateuser ##### tdsheet ##### 
Mon Aug 06 15:37:27 NZST 2018:INFO:3 ##### tdrow ##### 
Mon Aug 06 15:37:27 NZST 2018:INFO:1 ##### tdProp ##### 
Mon Aug 06 15:37:27 NZST 2018:INFO:13user ##### tdvalue ##### 
Mon Aug 06 15:37:27 NZST 2018:INFO:STOP LOOP = F
Mon Aug 06 15:37:28 NZST 2018:INFO:end loop value after get property  F
Mon Aug 06 15:37:28 NZST 2018:INFO:com.eviware.soapui.impl.wsdl.testcase.WsdlTestCaseRunner@1ddc002
Mon Aug 06 15:37:28 NZST 2018:INFO:Running testcase again
Mon Aug 06 15:37:28 NZST 2018:INFO:createuser
Mon Aug 06 15:37:28 NZST 2018:INFO:com.eviware.soapui.impl.wsdl.testcase.WsdlTestCaseRunner@1ddc002
Mon Aug 06 15:37:28 NZST 2018:INFO:C:\SOAPUI\Example
Mon Aug 06 15:37:28 NZST 2018:INFO:data.xls
Mon Aug 06 15:37:29 NZST 2018:INFO:start of filterdatadriver
Mon Aug 06 15:37:29 NZST 2018:INFO:2---- testindex ----
Mon Aug 06 15:37:29 NZST 2018:INFO:2 RUN before INCREASE
Mon Aug 06 15:37:29 NZST 2018:INFO:3 RUN AFTER INCREASE
Mon Aug 06 15:37:29 NZST 2018:INFO:4???????????????????????????????????
Mon Aug 06 15:37:29 NZST 2018:INFO:and testindex== 2 Setting the stoploop property now...
Mon Aug 06 15:37:29 NZST 2018:INFO:3RUN AFTER LOOP IS OVER
Mon Aug 06 15:37:30 NZST 2018:INFO:uid_id
Mon Aug 06 15:37:30 NZST 2018:INFO:[1,  2,  3,  &&&---&&&----&&&----&&&----&&&]
Mon Aug 06 15:37:30 NZST 2018:INFO:new value1
Mon Aug 06 15:37:30 NZST 2018:INFO:username updatedProp
Mon Aug 06 15:37:30 NZST 2018:INFO: LOGGING LC ARRAY [[id, username, firstname, lastname, password, phone]]
Mon Aug 06 15:37:30 NZST 2018:INFO:2 tIndex
Mon Aug 06 15:37:30 NZST 2018:INFO: 3 COMMON ROW
Mon Aug 06 15:37:30 NZST 2018:INFO:new value1
Mon Aug 06 15:37:30 NZST 2018:INFO:username updatedProp
Mon Aug 06 15:37:30 NZST 2018:INFO:Copying updated_data
Mon Aug 06 15:37:31 NZST 2018:INFO:common: 3#1="user14"
Mon Aug 06 15:37:31 NZST 2018:INFO:updateuser ##### tdsheet ##### 
Mon Aug 06 15:37:31 NZST 2018:INFO:1 ##### tdrow ##### 
Mon Aug 06 15:37:31 NZST 2018:INFO:1 ##### tdProp ##### 
Mon Aug 06 15:37:31 NZST 2018:INFO:16user ##### tdvalue ##### 
Mon Aug 06 15:37:31 NZST 2018:INFO:STOP LOOP = T
Mon Aug 06 15:37:31 NZST 2018:INFO:Loop over
Mon Aug 06 15:37:31 NZST 2018:INFO:t updateFile At end of loop
Mon Aug 06 15:37:32 NZST 2018:INFO:end loop value after get property  T
Mon Aug 06 15:37:32 NZST 2018:INFO:com.eviware.soapui.impl.wsdl.testcase.WsdlTestCaseRunner@1ddc002
Mon Aug 06 15:37:32 NZST 2018:INFO:Exit Groovy Data Source Looper
Mon Aug 06 16:50:22 NZST 2018:INFO:C:\SOAPUI\Example
